<?xml version="1.0" encoding="UTF-8"?>
<testng-results ignored="0" total="1" passed="1" failed="0" skipped="0">
  <reporter-output>
  </reporter-output>
  <suite started-at="2024-08-22T23:58:38 IST" name="Default suite" finished-at="2024-08-22T23:58:48 IST" duration-ms="10607">
    <groups>
    </groups>
    <test started-at="2024-08-22T23:58:38 IST" name="Default test" finished-at="2024-08-22T23:58:48 IST" duration-ms="10607">
      <class name="tests.LoginTest1">
        <test-method is-config="true" signature="setUp()[pri:0, instance:tests.LoginTest1@2d710f1a]" started-at="2024-08-22T23:58:38 IST" name="setUp" finished-at="2024-08-22T23:58:47 IST" duration-ms="9050" status="PASS">
          <reporter-output>
          </reporter-output>
        </test-method> <!-- setUp -->
        <test-method signature="testValidLogin()[pri:0, instance:tests.LoginTest1@2d710f1a]" started-at="2024-08-22T23:58:47 IST" name="testValidLogin" finished-at="2024-08-22T23:58:48 IST" duration-ms="1072" status="PASS">
          <reporter-output>
          </reporter-output>
        </test-method> <!-- testValidLogin -->
        <test-method is-config="true" signature="tearDown(org.testng.ITestResult)[pri:0, instance:tests.LoginTest1@2d710f1a]" started-at="2024-08-22T23:58:48 IST" name="tearDown" finished-at="2024-08-22T23:58:48 IST" duration-ms="384" status="PASS">
          <params>
            <param index="0">
              <value>
                <![CDATA[[TestResult name=testValidLogin status=SUCCESS method=LoginTest1.testValidLogin()[pri:0, instance:tests.LoginTest1@2d710f1a] output={null}]]]>
              </value>
            </param>
          </params>
          <reporter-output>
          </reporter-output>
        </test-method> <!-- tearDown -->
      </class> <!-- tests.LoginTest1 -->
    </test> <!-- Default test -->
  </suite> <!-- Default suite -->
</testng-results>
